This is pdfTeX, Version 3.14159265-2.6-1.40.20 (MiKTeX 2.9.7000 64-bit) (preloaded format=pdflatex 2019.3.24)  2 OCT 2019 00:59
entering extended mode
**./report.tex
(report.tex
LaTeX2e <2018-12-01>
(F:\Tools\MikTeX\tex/latex/base\article.cls
Document Class: article 2018/09/03 v1.4i Standard LaTeX document class
(F:\Tools\MikTeX\tex/latex/base\size12.clo
File: size12.clo 2018/09/03 v1.4i Standard LaTeX file (size option)
)
\c@part=\count80
\c@section=\count81
\c@subsection=\count82
\c@subsubsection=\count83
\c@paragraph=\count84
\c@subparagraph=\count85
\c@figure=\count86
\c@table=\count87
\abovecaptionskip=\skip41
\belowcaptionskip=\skip42
\bibindent=\dimen102
)
(F:\Tools\MikTeX\tex/latex/base\inputenc.sty
Package: inputenc 2018/08/11 v1.3c Input encoding file
\inpenc@prehook=\toks14
\inpenc@posthook=\toks15
)
(F:\Tools\MikTeX\tex/latex/graphics\graphicx.sty
Package: graphicx 2017/06/01 v1.1a Enhanced LaTeX Graphics (DPC,SPQR)

(F:\Tools\MikTeX\tex/latex/graphics\keyval.sty
Package: keyval 2014/10/28 v1.15 key=value parser (DPC)
\KV@toks@=\toks16
)
(F:\Tools\MikTeX\tex/latex/graphics\graphics.sty
Package: graphics 2017/06/25 v1.2c Standard LaTeX Graphics (DPC,SPQR)

(F:\Tools\MikTeX\tex/latex/graphics\trig.sty
Package: trig 2016/01/03 v1.10 sin cos tan (DPC)
)
(F:\Tools\MikTeX\tex/latex/graphics-cfg\graphics.cfg
File: graphics.cfg 2016/06/04 v1.11 sample graphics configuration
)
Package graphics Info: Driver file: pdftex.def on input line 99.

(F:\Tools\MikTeX\tex/latex/graphics-def\pdftex.def
File: pdftex.def 2018/01/08 v1.0l Graphics/color driver for pdftex
))
\Gin@req@height=\dimen103
\Gin@req@width=\dimen104
)
(C:\Users\Christof\AppData\Roaming\MiKTeX\2.9\tex/latex/todonotes\todonotes.sty
Package: todonotes 2019/01/24 v1.1.2 Todonotes source and documentation.
Package: todonotes 2018/11/22
(F:\Tools\MikTeX\tex/latex/base\ifthen.sty
Package: ifthen 2014/09/29 v1.1c Standard LaTeX ifthen package (DPC)
)
(F:\Tools\MikTeX\tex/latex/xkeyval\xkeyval.sty
Package: xkeyval 2014/12/03 v2.7a package option processing (HA)

(F:\Tools\MikTeX\tex/generic/xkeyval\xkeyval.tex
(F:\Tools\MikTeX\tex/generic/xkeyval\xkvutils.tex
\XKV@toks=\toks17
\XKV@tempa@toks=\toks18
)
\XKV@depth=\count88
File: xkeyval.tex 2014/12/03 v2.7a key=value parser (HA)
))
(C:\Users\Christof\AppData\Roaming\MiKTeX\2.9\tex/latex/xcolor\xcolor.sty
Package: xcolor 2016/05/11 v2.12 LaTeX color extensions (UK)

(F:\Tools\MikTeX\tex/latex/graphics-cfg\color.cfg
File: color.cfg 2016/01/02 v1.6 sample color configuration
)
Package xcolor Info: Driver file: pdftex.def on input line 225.
Package xcolor Info: Model `cmy' substituted by `cmy0' on input line 1348.
Package xcolor Info: Model `hsb' substituted by `rgb' on input line 1352.
Package xcolor Info: Model `RGB' extended on input line 1364.
Package xcolor Info: Model `HTML' substituted by `rgb' on input line 1366.
Package xcolor Info: Model `Hsb' substituted by `hsb' on input line 1367.
Package xcolor Info: Model `tHsb' substituted by `hsb' on input line 1368.
Package xcolor Info: Model `HSB' substituted by `hsb' on input line 1369.
Package xcolor Info: Model `Gray' substituted by `gray' on input line 1370.
Package xcolor Info: Model `wave' substituted by `hsb' on input line 1371.
)
(C:\Users\Christof\AppData\Roaming\MiKTeX\2.9\tex/latex/pgf/frontendlayer\tikz.
sty
(C:\Users\Christof\AppData\Roaming\MiKTeX\2.9\tex/latex/pgf/basiclayer\pgf.sty
(C:\Users\Christof\AppData\Roaming\MiKTeX\2.9\tex/latex/pgf/utilities\pgfrcs.st
y
(C:\Users\Christof\AppData\Roaming\MiKTeX\2.9\tex/generic/pgf/utilities\pgfutil
-common.tex
\pgfutil@everybye=\toks19
\pgfutil@tempdima=\dimen105
\pgfutil@tempdimb=\dimen106

(C:\Users\Christof\AppData\Roaming\MiKTeX\2.9\tex/generic/pgf/utilities\pgfutil
-common-lists.tex))
(C:\Users\Christof\AppData\Roaming\MiKTeX\2.9\tex/generic/pgf/utilities\pgfutil
-latex.def
\pgfutil@abb=\box27

(C:\Users\Christof\AppData\Roaming\MiKTeX\2.9\tex/latex/ms\everyshi.sty
Package: everyshi 2001/05/15 v3.00 EveryShipout Package (MS)
))
(C:\Users\Christof\AppData\Roaming\MiKTeX\2.9\tex/generic/pgf/utilities\pgfrcs.
code.tex
(C:\Users\Christof\AppData\Roaming\MiKTeX\2.9\tex/generic/pgf\pgf.revision.tex)
Package: pgfrcs 2019/02/02 v3.1.1 (3.1.1)
))
Package: pgf 2019/02/02 v3.1.1 (3.1.1)

(C:\Users\Christof\AppData\Roaming\MiKTeX\2.9\tex/latex/pgf/basiclayer\pgfcore.
sty
(C:\Users\Christof\AppData\Roaming\MiKTeX\2.9\tex/latex/pgf/systemlayer\pgfsys.
sty
(C:\Users\Christof\AppData\Roaming\MiKTeX\2.9\tex/generic/pgf/systemlayer\pgfsy
s.code.tex
Package: pgfsys 2019/02/02 v3.1.1 (3.1.1)

(C:\Users\Christof\AppData\Roaming\MiKTeX\2.9\tex/generic/pgf/utilities\pgfkeys
.code.tex
\pgfkeys@pathtoks=\toks20
\pgfkeys@temptoks=\toks21

(C:\Users\Christof\AppData\Roaming\MiKTeX\2.9\tex/generic/pgf/utilities\pgfkeys
filtered.code.tex
\pgfkeys@tmptoks=\toks22
))
\pgf@x=\dimen107
\pgf@y=\dimen108
\pgf@xa=\dimen109
\pgf@ya=\dimen110
\pgf@xb=\dimen111
\pgf@yb=\dimen112
\pgf@xc=\dimen113
\pgf@yc=\dimen114
\w@pgf@writea=\write3
\r@pgf@reada=\read1
\c@pgf@counta=\count89
\c@pgf@countb=\count90
\c@pgf@countc=\count91
\c@pgf@countd=\count92
\t@pgf@toka=\toks23
\t@pgf@tokb=\toks24
\t@pgf@tokc=\toks25
\pgf@sys@id@count=\count93

(C:\Users\Christof\AppData\Roaming\MiKTeX\2.9\tex/generic/pgf/systemlayer\pgf.c
fg
File: pgf.cfg 2019/02/02 v3.1.1 (3.1.1)
)
Driver file for pgf: pgfsys-pdftex.def

(C:\Users\Christof\AppData\Roaming\MiKTeX\2.9\tex/generic/pgf/systemlayer\pgfsy
s-pdftex.def
File: pgfsys-pdftex.def 2019/02/02 v3.1.1 (3.1.1)

(C:\Users\Christof\AppData\Roaming\MiKTeX\2.9\tex/generic/pgf/systemlayer\pgfsy
s-common-pdf.def
File: pgfsys-common-pdf.def 2019/02/02 v3.1.1 (3.1.1)
)))
(C:\Users\Christof\AppData\Roaming\MiKTeX\2.9\tex/generic/pgf/systemlayer\pgfsy
ssoftpath.code.tex
File: pgfsyssoftpath.code.tex 2019/02/02 v3.1.1 (3.1.1)
\pgfsyssoftpath@smallbuffer@items=\count94
\pgfsyssoftpath@bigbuffer@items=\count95
)
(C:\Users\Christof\AppData\Roaming\MiKTeX\2.9\tex/generic/pgf/systemlayer\pgfsy
sprotocol.code.tex
File: pgfsysprotocol.code.tex 2019/02/02 v3.1.1 (3.1.1)
))
(C:\Users\Christof\AppData\Roaming\MiKTeX\2.9\tex/generic/pgf/basiclayer\pgfcor
e.code.tex
Package: pgfcore 2019/02/02 v3.1.1 (3.1.1)

(C:\Users\Christof\AppData\Roaming\MiKTeX\2.9\tex/generic/pgf/math\pgfmath.code
.tex
(C:\Users\Christof\AppData\Roaming\MiKTeX\2.9\tex/generic/pgf/math\pgfmathcalc.
code.tex
(C:\Users\Christof\AppData\Roaming\MiKTeX\2.9\tex/generic/pgf/math\pgfmathutil.
code.tex)
(C:\Users\Christof\AppData\Roaming\MiKTeX\2.9\tex/generic/pgf/math\pgfmathparse
r.code.tex
\pgfmath@dimen=\dimen115
\pgfmath@count=\count96
\pgfmath@box=\box28
\pgfmath@toks=\toks26
\pgfmath@stack@operand=\toks27
\pgfmath@stack@operation=\toks28
)
(C:\Users\Christof\AppData\Roaming\MiKTeX\2.9\tex/generic/pgf/math\pgfmathfunct
ions.code.tex
(C:\Users\Christof\AppData\Roaming\MiKTeX\2.9\tex/generic/pgf/math\pgfmathfunct
ions.basic.code.tex)
(C:\Users\Christof\AppData\Roaming\MiKTeX\2.9\tex/generic/pgf/math\pgfmathfunct
ions.trigonometric.code.tex)
(C:\Users\Christof\AppData\Roaming\MiKTeX\2.9\tex/generic/pgf/math\pgfmathfunct
ions.random.code.tex)
(C:\Users\Christof\AppData\Roaming\MiKTeX\2.9\tex/generic/pgf/math\pgfmathfunct
ions.comparison.code.tex)
(C:\Users\Christof\AppData\Roaming\MiKTeX\2.9\tex/generic/pgf/math\pgfmathfunct
ions.base.code.tex)
(C:\Users\Christof\AppData\Roaming\MiKTeX\2.9\tex/generic/pgf/math\pgfmathfunct
ions.round.code.tex)
(C:\Users\Christof\AppData\Roaming\MiKTeX\2.9\tex/generic/pgf/math\pgfmathfunct
ions.misc.code.tex)
(C:\Users\Christof\AppData\Roaming\MiKTeX\2.9\tex/generic/pgf/math\pgfmathfunct
ions.integerarithmetics.code.tex)))
(C:\Users\Christof\AppData\Roaming\MiKTeX\2.9\tex/generic/pgf/math\pgfmathfloat
.code.tex
\c@pgfmathroundto@lastzeros=\count97
))
(C:\Users\Christof\AppData\Roaming\MiKTeX\2.9\tex/generic/pgf/basiclayer\pgfcor
epoints.code.tex
File: pgfcorepoints.code.tex 2019/02/02 v3.1.1 (3.1.1)
\pgf@picminx=\dimen116
\pgf@picmaxx=\dimen117
\pgf@picminy=\dimen118
\pgf@picmaxy=\dimen119
\pgf@pathminx=\dimen120
\pgf@pathmaxx=\dimen121
\pgf@pathminy=\dimen122
\pgf@pathmaxy=\dimen123
\pgf@xx=\dimen124
\pgf@xy=\dimen125
\pgf@yx=\dimen126
\pgf@yy=\dimen127
\pgf@zx=\dimen128
\pgf@zy=\dimen129
)
(C:\Users\Christof\AppData\Roaming\MiKTeX\2.9\tex/generic/pgf/basiclayer\pgfcor
epathconstruct.code.tex
File: pgfcorepathconstruct.code.tex 2019/02/02 v3.1.1 (3.1.1)
\pgf@path@lastx=\dimen130
\pgf@path@lasty=\dimen131
)
(C:\Users\Christof\AppData\Roaming\MiKTeX\2.9\tex/generic/pgf/basiclayer\pgfcor
epathusage.code.tex
File: pgfcorepathusage.code.tex 2019/02/02 v3.1.1 (3.1.1)
\pgf@shorten@end@additional=\dimen132
\pgf@shorten@start@additional=\dimen133
)
(C:\Users\Christof\AppData\Roaming\MiKTeX\2.9\tex/generic/pgf/basiclayer\pgfcor
escopes.code.tex
File: pgfcorescopes.code.tex 2019/02/02 v3.1.1 (3.1.1)
\pgfpic=\box29
\pgf@hbox=\box30
\pgf@layerbox@main=\box31
\pgf@picture@serial@count=\count98
)
(C:\Users\Christof\AppData\Roaming\MiKTeX\2.9\tex/generic/pgf/basiclayer\pgfcor
egraphicstate.code.tex
File: pgfcoregraphicstate.code.tex 2019/02/02 v3.1.1 (3.1.1)
\pgflinewidth=\dimen134
)
(C:\Users\Christof\AppData\Roaming\MiKTeX\2.9\tex/generic/pgf/basiclayer\pgfcor
etransformations.code.tex
File: pgfcoretransformations.code.tex 2019/02/02 v3.1.1 (3.1.1)
\pgf@pt@x=\dimen135
\pgf@pt@y=\dimen136
\pgf@pt@temp=\dimen137
)
(C:\Users\Christof\AppData\Roaming\MiKTeX\2.9\tex/generic/pgf/basiclayer\pgfcor
equick.code.tex
File: pgfcorequick.code.tex 2019/02/02 v3.1.1 (3.1.1)
)
(C:\Users\Christof\AppData\Roaming\MiKTeX\2.9\tex/generic/pgf/basiclayer\pgfcor
eobjects.code.tex
File: pgfcoreobjects.code.tex 2019/02/02 v3.1.1 (3.1.1)
)
(C:\Users\Christof\AppData\Roaming\MiKTeX\2.9\tex/generic/pgf/basiclayer\pgfcor
epathprocessing.code.tex
File: pgfcorepathprocessing.code.tex 2019/02/02 v3.1.1 (3.1.1)
)
(C:\Users\Christof\AppData\Roaming\MiKTeX\2.9\tex/generic/pgf/basiclayer\pgfcor
earrows.code.tex
File: pgfcorearrows.code.tex 2019/02/02 v3.1.1 (3.1.1)
\pgfarrowsep=\dimen138
)
(C:\Users\Christof\AppData\Roaming\MiKTeX\2.9\tex/generic/pgf/basiclayer\pgfcor
eshade.code.tex
File: pgfcoreshade.code.tex 2019/02/02 v3.1.1 (3.1.1)
\pgf@max=\dimen139
\pgf@sys@shading@range@num=\count99
)
(C:\Users\Christof\AppData\Roaming\MiKTeX\2.9\tex/generic/pgf/basiclayer\pgfcor
eimage.code.tex
File: pgfcoreimage.code.tex 2019/02/02 v3.1.1 (3.1.1)

(C:\Users\Christof\AppData\Roaming\MiKTeX\2.9\tex/generic/pgf/basiclayer\pgfcor
eexternal.code.tex
File: pgfcoreexternal.code.tex 2019/02/02 v3.1.1 (3.1.1)
\pgfexternal@startupbox=\box32
))
(C:\Users\Christof\AppData\Roaming\MiKTeX\2.9\tex/generic/pgf/basiclayer\pgfcor
elayers.code.tex
File: pgfcorelayers.code.tex 2019/02/02 v3.1.1 (3.1.1)
)
(C:\Users\Christof\AppData\Roaming\MiKTeX\2.9\tex/generic/pgf/basiclayer\pgfcor
etransparency.code.tex
File: pgfcoretransparency.code.tex 2019/02/02 v3.1.1 (3.1.1)
)
(C:\Users\Christof\AppData\Roaming\MiKTeX\2.9\tex/generic/pgf/basiclayer\pgfcor
epatterns.code.tex
File: pgfcorepatterns.code.tex 2019/02/02 v3.1.1 (3.1.1)
)
(C:\Users\Christof\AppData\Roaming\MiKTeX\2.9\tex/generic/pgf/basiclayer\pgfcor
erdf.code.tex
File: pgfcorerdf.code.tex 2019/02/02 v3.1.1 (3.1.1)
)))
(C:\Users\Christof\AppData\Roaming\MiKTeX\2.9\tex/generic/pgf/modules\pgfmodule
shapes.code.tex
File: pgfmoduleshapes.code.tex 2019/02/02 v3.1.1 (3.1.1)
\pgfnodeparttextbox=\box33
)
(C:\Users\Christof\AppData\Roaming\MiKTeX\2.9\tex/generic/pgf/modules\pgfmodule
plot.code.tex
File: pgfmoduleplot.code.tex 2019/02/02 v3.1.1 (3.1.1)
)
(C:\Users\Christof\AppData\Roaming\MiKTeX\2.9\tex/latex/pgf/compatibility\pgfco
mp-version-0-65.sty
Package: pgfcomp-version-0-65 2019/02/02 v3.1.1 (3.1.1)
\pgf@nodesepstart=\dimen140
\pgf@nodesepend=\dimen141
)
(C:\Users\Christof\AppData\Roaming\MiKTeX\2.9\tex/latex/pgf/compatibility\pgfco
mp-version-1-18.sty
Package: pgfcomp-version-1-18 2019/02/02 v3.1.1 (3.1.1)
))
(C:\Users\Christof\AppData\Roaming\MiKTeX\2.9\tex/latex/pgf/utilities\pgffor.st
y
(C:\Users\Christof\AppData\Roaming\MiKTeX\2.9\tex/latex/pgf/utilities\pgfkeys.s
ty
(C:\Users\Christof\AppData\Roaming\MiKTeX\2.9\tex/generic/pgf/utilities\pgfkeys
.code.tex))
(C:\Users\Christof\AppData\Roaming\MiKTeX\2.9\tex/latex/pgf/math\pgfmath.sty
(C:\Users\Christof\AppData\Roaming\MiKTeX\2.9\tex/generic/pgf/math\pgfmath.code
.tex))
(C:\Users\Christof\AppData\Roaming\MiKTeX\2.9\tex/generic/pgf/utilities\pgffor.
code.tex
Package: pgffor 2019/02/02 v3.1.1 (3.1.1)

(C:\Users\Christof\AppData\Roaming\MiKTeX\2.9\tex/generic/pgf/math\pgfmath.code
.tex)
\pgffor@iter=\dimen142
\pgffor@skip=\dimen143
\pgffor@stack=\toks29
\pgffor@toks=\toks30
))
(C:\Users\Christof\AppData\Roaming\MiKTeX\2.9\tex/generic/pgf/frontendlayer/tik
z\tikz.code.tex
Package: tikz 2019/02/02 v3.1.1 (3.1.1)

(C:\Users\Christof\AppData\Roaming\MiKTeX\2.9\tex/generic/pgf/libraries\pgflibr
aryplothandlers.code.tex
File: pgflibraryplothandlers.code.tex 2019/02/02 v3.1.1 (3.1.1)
\pgf@plot@mark@count=\count100
\pgfplotmarksize=\dimen144
)
\tikz@lastx=\dimen145
\tikz@lasty=\dimen146
\tikz@lastxsaved=\dimen147
\tikz@lastysaved=\dimen148
\tikzleveldistance=\dimen149
\tikzsiblingdistance=\dimen150
\tikz@figbox=\box34
\tikz@figbox@bg=\box35
\tikz@tempbox=\box36
\tikz@tempbox@bg=\box37
\tikztreelevel=\count101
\tikznumberofchildren=\count102
\tikznumberofcurrentchild=\count103
\tikz@fig@count=\count104

(C:\Users\Christof\AppData\Roaming\MiKTeX\2.9\tex/generic/pgf/modules\pgfmodule
matrix.code.tex
File: pgfmodulematrix.code.tex 2019/02/02 v3.1.1 (3.1.1)
\pgfmatrixcurrentrow=\count105
\pgfmatrixcurrentcolumn=\count106
\pgf@matrix@numberofcolumns=\count107
)
\tikz@expandcount=\count108

(C:\Users\Christof\AppData\Roaming\MiKTeX\2.9\tex/generic/pgf/frontendlayer/tik
z/libraries\tikzlibrarytopaths.code.tex
File: tikzlibrarytopaths.code.tex 2019/02/02 v3.1.1 (3.1.1)
)))
(C:\Users\Christof\AppData\Roaming\MiKTeX\2.9\tex/generic/pgf/frontendlayer/tik
z/libraries\tikzlibrarypositioning.code.tex
File: tikzlibrarypositioning.code.tex 2019/02/02 v3.1.1 (3.1.1)
)
(C:\Users\Christof\AppData\Roaming\MiKTeX\2.9\tex/generic/pgf/frontendlayer/tik
z/libraries\tikzlibraryshadows.code.tex
File: tikzlibraryshadows.code.tex 2019/02/02 v3.1.1 (3.1.1)

(C:\Users\Christof\AppData\Roaming\MiKTeX\2.9\tex/generic/pgf/frontendlayer/tik
z/libraries\tikzlibraryfadings.code.tex
File: tikzlibraryfadings.code.tex 2019/02/02 v3.1.1 (3.1.1)

(C:\Users\Christof\AppData\Roaming\MiKTeX\2.9\tex/generic/pgf/libraries\pgflibr
aryfadings.code.tex
File: pgflibraryfadings.code.tex 2019/02/02 v3.1.1 (3.1.1)
))) (F:\Tools\MikTeX\tex/latex/tools\calc.sty
Package: calc 2017/05/25 v4.3 Infix arithmetic (KKT,FJ)
\calc@Acount=\count109
\calc@Bcount=\count110
\calc@Adimen=\dimen151
\calc@Bdimen=\dimen152
\calc@Askip=\skip43
\calc@Bskip=\skip44
LaTeX Info: Redefining \setlength on input line 80.
LaTeX Info: Redefining \addtolength on input line 81.
\calc@Ccount=\count111
\calc@Cskip=\skip45
)
\c@@todonotes@numberoftodonotes=\count112
)
(C:\Users\Christof\AppData\Roaming\MiKTeX\2.9\tex/latex/cite\cite.sty
LaTeX Info: Redefining \cite on input line 302.
LaTeX Info: Redefining \nocite on input line 332.
Package: cite 2015/02/27  v 5.5
)
(report.aux)
\openout1 = `report.aux'.

LaTeX Font Info:    Checking defaults for OML/cmm/m/it on input line 7.
LaTeX Font Info:    ... okay on input line 7.
LaTeX Font Info:    Checking defaults for T1/cmr/m/n on input line 7.
LaTeX Font Info:    ... okay on input line 7.
LaTeX Font Info:    Checking defaults for OT1/cmr/m/n on input line 7.
LaTeX Font Info:    ... okay on input line 7.
LaTeX Font Info:    Checking defaults for OMS/cmsy/m/n on input line 7.
LaTeX Font Info:    ... okay on input line 7.
LaTeX Font Info:    Checking defaults for OMX/cmex/m/n on input line 7.
LaTeX Font Info:    ... okay on input line 7.
LaTeX Font Info:    Checking defaults for U/cmr/m/n on input line 7.
LaTeX Font Info:    ... okay on input line 7.

(C:\Users\Christof\AppData\Roaming\MiKTeX\2.9\tex/context/base/mkii\supp-pdf.mk
ii
[Loading MPS to PDF converter (version 2006.09.02).]
\scratchcounter=\count113
\scratchdimen=\dimen153
\scratchbox=\box38
\nofMPsegments=\count114
\nofMParguments=\count115
\everyMPshowfont=\toks31
\MPscratchCnt=\count116
\MPscratchDim=\dimen154
\MPnumerator=\count117
\makeMPintoPDFobject=\count118
\everyMPtoPDFconversion=\toks32
) (F:\Tools\MikTeX\tex/latex/oberdiek\epstopdf-base.sty
Package: epstopdf-base 2016/05/15 v2.6 Base part for package epstopdf

(F:\Tools\MikTeX\tex/generic/oberdiek\infwarerr.sty
Package: infwarerr 2016/05/16 v1.4 Providing info/warning/error messages (HO)
)
(F:\Tools\MikTeX\tex/latex/oberdiek\grfext.sty
Package: grfext 2016/05/16 v1.2 Manage graphics extensions (HO)

(F:\Tools\MikTeX\tex/generic/oberdiek\kvdefinekeys.sty
Package: kvdefinekeys 2016/05/16 v1.4 Define keys (HO)

(F:\Tools\MikTeX\tex/generic/oberdiek\ltxcmds.sty
Package: ltxcmds 2016/05/16 v1.23 LaTeX kernel commands for general use (HO)
)))
(F:\Tools\MikTeX\tex/latex/oberdiek\kvoptions.sty
Package: kvoptions 2016/05/16 v3.12 Key value format for package options (HO)

(F:\Tools\MikTeX\tex/generic/oberdiek\kvsetkeys.sty
Package: kvsetkeys 2016/05/16 v1.17 Key value parser (HO)

(F:\Tools\MikTeX\tex/generic/oberdiek\etexcmds.sty
Package: etexcmds 2016/05/16 v1.6 Avoid name clashes with e-TeX commands (HO)

(F:\Tools\MikTeX\tex/generic/oberdiek\ifluatex.sty
Package: ifluatex 2016/05/16 v1.4 Provides the ifluatex switch (HO)
Package ifluatex Info: LuaTeX not detected.
))))
(F:\Tools\MikTeX\tex/generic/oberdiek\pdftexcmds.sty
Package: pdftexcmds 2018/09/10 v0.29 Utility functions of pdfTeX for LuaTeX (HO
)

(F:\Tools\MikTeX\tex/generic/oberdiek\ifpdf.sty
Package: ifpdf 2018/09/07 v3.3 Provides the ifpdf switch
)
Package pdftexcmds Info: LuaTeX not detected.
Package pdftexcmds Info: \pdf@primitive is available.
Package pdftexcmds Info: \pdf@ifprimitive is available.
Package pdftexcmds Info: \pdfdraftmode found.
)
Package epstopdf-base Info: Redefining graphics rule for `.eps' on input line 4
38.
Package grfext Info: Graphics extension search list:
(grfext)             [.pdf,.png,.jpg,.mps,.jpeg,.jbig2,.jb2,.PDF,.PNG,.JPG,.JPE
G,.JBIG2,.JB2,.eps]
(grfext)             \AppendGraphicsExtensions on input line 456.
)
ABD: EveryShipout initializing macros

Package todonotes Warning: The length marginparwidth is less than 2cm and will 
most likely cause issues with the appearance of inserted todonotes. The issue c
an be solved by adding a line like \setlength {\marginparwidth }{2cm} prior to 
loading the todonotes package. on input line 7.

LaTeX Font Info:    External font `cmex10' loaded for size
(Font)              <14.4> on input line 10.
LaTeX Font Info:    External font `cmex10' loaded for size
(Font)              <7> on input line 10.

LaTeX Warning: No \author given.


Underfull \hbox (badness 10000) in paragraph at lines 18--19

 []


Underfull \hbox (badness 10000) in paragraph at lines 19--20

 []

<../Thesis/images/P5N.pdf, id=28, 433.62pt x 289.08pt>
File: ../Thesis/images/P5N.pdf Graphic file (type pdf)
<use ../Thesis/images/P5N.pdf>
Package pdftex.def Info: ../Thesis/images/P5N.pdf  used on input line 28.
(pdftex.def)             Requested size: 312.00119pt x 208.0095pt.
<../Thesis/images/P6N.pdf, id=29, 433.62pt x 289.08pt>
File: ../Thesis/images/P6N.pdf Graphic file (type pdf)
<use ../Thesis/images/P6N.pdf>
Package pdftex.def Info: ../Thesis/images/P6N.pdf  used on input line 33.
(pdftex.def)             Requested size: 312.00119pt x 208.0095pt.
LaTeX Font Info:    External font `cmex10' loaded for size
(Font)              <12> on input line 38.
LaTeX Font Info:    External font `cmex10' loaded for size
(Font)              <8> on input line 38.
LaTeX Font Info:    External font `cmex10' loaded for size
(Font)              <6> on input line 38.
[1

{C:/Users/Christof/AppData/Local/MiKTeX/2.9/pdftex/config/pdftex.map}]
[2 <../Thesis/images/P5N.pdf>] [3 <../Thesis/images/P6N.pdf>] (report.aux) ) 
Here is how much of TeX's memory you used:
 12302 strings out of 492945
 253645 string characters out of 3140826
 292461 words of memory out of 3000000
 15955 multiletter control sequences out of 15000+200000
 8194 words of font info for 29 fonts, out of 3000000 for 9000
 1141 hyphenation exceptions out of 8191
 62i,7n,81p,492b,279s stack positions out of 5000i,500n,10000p,200000b,50000s
<F:
/Tools/MikTeX/fonts/type1/public/amsfonts/cm/cmbx12.pfb><F:/Tools/MikTeX/fonts/
type1/public/amsfonts/cm/cmr12.pfb><F:/Tools/MikTeX/fonts/type1/public/amsfonts
/cm/cmr17.pfb><F:/Tools/MikTeX/fonts/type1/public/amsfonts/cm/cmsy10.pfb>
Output written on report.pdf (3 pages, 2596799 bytes).
PDF statistics:
 110 PDF objects out of 1000 (max. 8388607)
 0 named destinations out of 1000 (max. 500000)
 119 words of extra memory for PDF output out of 10000 (max. 10000000)

